This is pdfTeX, Version 3.14159265-2.6-1.40.17 (MiKTeX 2.9.6100 64-bit) (preloaded format=pdflatex 2016.11.15)  8 DEC 2016 23:49
entering extended mode
**./voldchain.tex
(voldchain.tex
LaTeX2e <2016/03/31> patch level 3
Babel <3.9r> and hyphenation patterns for 75 language(s) loaded.

("C:\Program Files\MiKTeX 2.9\tex\latex\base\article.cls"
Document Class: article 2014/09/29 v1.4h Standard LaTeX document class
("C:\Program Files\MiKTeX 2.9\tex\latex\base\size10.clo"
File: size10.clo 2014/09/29 v1.4h Standard LaTeX file (size option)
)
\c@part=\count79
\c@section=\count80
\c@subsection=\count81
\c@subsubsection=\count82
\c@paragraph=\count83
\c@subparagraph=\count84
\c@figure=\count85
\c@table=\count86
\abovecaptionskip=\skip41
\belowcaptionskip=\skip42
\bibindent=\dimen102
) ("C:\Program Files\MiKTeX 2.9\tex\latex\graphics\color.sty"
Package: color 2016/07/10 v1.1e Standard LaTeX Color (DPC)
("C:\Program Files\MiKTeX 2.9\tex\latex\graphics-cfg\color.cfg"
File: color.cfg 2016/01/02 v1.6 sample color configuration
)
Package color Info: Driver file: pdftex.def on input line 147.
("C:\Program Files\MiKTeX 2.9\tex\latex\graphics-def\pdftex.def"
File: pdftex.def 2016/07/10 v0.06j Graphics/color for pdfTeX
("C:\Program Files\MiKTeX 2.9\tex\generic\oberdiek\infwarerr.sty"
Package: infwarerr 2016/05/16 v1.4 Providing info/warning/error messages (HO)
) ("C:\Program Files\MiKTeX 2.9\tex\generic\oberdiek\ltxcmds.sty"
Package: ltxcmds 2016/05/16 v1.23 LaTeX kernel commands for general use (HO)
)
\Gread@gobject=\count87
)) ("C:\Program Files\MiKTeX 2.9\tex\latex\base\latexsym.sty"
Package: latexsym 1998/08/17 v2.2e Standard LaTeX package (lasy symbols)
\symlasy=\mathgroup4
LaTeX Font Info:    Overwriting symbol font `lasy' in version `bold'
(Font)                  U/lasy/m/n --> U/lasy/b/n on input line 52.
) ("C:\Program Files\MiKTeX 2.9\tex\latex\base\ifthen.sty"
Package: ifthen 2014/09/29 v1.1c Standard LaTeX ifthen package (DPC)
)
\symlength=\skip43
\equalswidth=\skip44
\charwidth=\skip45
\boxrulewd=\skip46
\boxlineht=\skip47
\boxruleht=\skip48
\boxruledp=\skip49
\pcalvspace=\skip50
\lcomindent=\skip51
\@xlen=\skip52
\templena=\skip53
\templenb=\skip54
\tempboxa=\box26
\vshadelen=\skip55
\boxwidth=\skip56
\multicommentdepth=\skip57
\c@pardepth=\count88
\tempsbox=\box27
\@cparht=\skip58
\@cpardp=\skip59
\xmcomlen=\skip60
\spacewidth=\skip61
\alignboxwidth=\skip62
\alignwidth=\skip63
\alignbox=\box28
\symtlaitalics=\mathgroup5
\c@tlx@ctr=\count89
("C:\Program Files\MiKTeX 2.9\tex\latex\tools\verbatim.sty"
Package: verbatim 2014/10/28 v1.5q LaTeX2e package for verbatim enhancements
\every@verbatim=\toks14
\verbatim@line=\toks15
\verbatim@in@stream=\read1
) (voldchain.aux)
\openout1 = `voldchain.aux'.

LaTeX Font Info:    Checking defaults for OML/cmm/m/it on input line 939.
LaTeX Font Info:    ... okay on input line 939.
LaTeX Font Info:    Checking defaults for T1/cmr/m/n on input line 939.
LaTeX Font Info:    ... okay on input line 939.
LaTeX Font Info:    Checking defaults for OT1/cmr/m/n on input line 939.
LaTeX Font Info:    ... okay on input line 939.
LaTeX Font Info:    Checking defaults for OMS/cmsy/m/n on input line 939.
LaTeX Font Info:    ... okay on input line 939.
LaTeX Font Info:    Checking defaults for OMX/cmex/m/n on input line 939.
LaTeX Font Info:    ... okay on input line 939.
LaTeX Font Info:    Checking defaults for U/cmr/m/n on input line 939.
LaTeX Font Info:    ... okay on input line 939.
("C:\Program Files\MiKTeX 2.9\tex\context\base\supp-pdf.mkii"
[Loading MPS to PDF converter (version 2006.09.02).]
\scratchcounter=\count90
\scratchdimen=\dimen103
\scratchbox=\box29
\nofMPsegments=\count91
\nofMParguments=\count92
\everyMPshowfont=\toks16
\MPscratchCnt=\count93
\MPscratchDim=\dimen104
\MPnumerator=\count94
\makeMPintoPDFobject=\count95
\everyMPtoPDFconversion=\toks17
)
LaTeX Font Info:    External font `cmex10' loaded for size
(Font)              <7> on input line 942.
LaTeX Font Info:    External font `cmex10' loaded for size
(Font)              <5> on input line 942.
LaTeX Font Info:    Try loading font information for U+lasy on input line 942.
("C:\Program Files\MiKTeX 2.9\tex\latex\base\ulasy.fd"
File: ulasy.fd 1998/08/17 v2.2e LaTeX symbol font definitions
)
LaTeX Font Info:    Try loading font information for OMS+cmr on input line 955.

("C:\Program Files\MiKTeX 2.9\tex\latex\base\omscmr.fd"
File: omscmr.fd 2014/09/29 v2.5h Standard LaTeX font definitions
)
LaTeX Font Info:    Font shape `OMS/cmr/bx/n' in size <10> not available
(Font)              Font shape `OMS/cmsy/b/n' tried instead on input line 955.

Overfull \hbox (141.39091pt too wide) in paragraph at lines 958--960
[][][] 
 []


Overfull \hbox (35.66519pt too wide) in paragraph at lines 977--983
[][][][][] 
 []

LaTeX Font Info:    External font `cmex10' loaded for size
(Font)              <8> on input line 986.
LaTeX Font Info:    External font `cmex10' loaded for size
(Font)              <6> on input line 986.

Overfull \hbox (175.79794pt too wide) in paragraph at lines 983--989
[][][][][] 
 []


Overfull \hbox (72.047pt too wide) in paragraph at lines 989--995
[][][][][] 
 []


Overfull \hbox (152.06393pt too wide) in paragraph at lines 995--1001
[][][][][] 
 []


Overfull \hbox (74.55121pt too wide) in paragraph at lines 1001--1007
[][][][][] 
 []


Overfull \hbox (161.36743pt too wide) in paragraph at lines 1007--1013
[][][][][] 
 []


Overfull \hbox (78.49084pt too wide) in paragraph at lines 1014--1019
[][][][][] 
 []


Overfull \hbox (199.78996pt too wide) in paragraph at lines 1021--1026
[][][][][] 
 []


Overfull \hbox (17.8023pt too wide) in paragraph at lines 1032--1033
[][][] 
 []

[1

{C:/ProgramData/MiKTeX/2.9/pdftex/config/pdftex.map}]
Overfull \hbox (4.34468pt too wide) in paragraph at lines 1112--1117
[][][][][] 
 []


Overfull \hbox (57.18906pt too wide) in paragraph at lines 1120--1121
[][][] 
 []

[2]
Overfull \hbox (26.22093pt too wide) in paragraph at lines 1131--1132
[][][] 
 []


Overfull \hbox (96.57292pt too wide) in paragraph at lines 1141--1142
[][][] 
 []

[3]
Overfull \hbox (28.44743pt too wide) in paragraph at lines 1239--1240
[][] 
 []


Overfull \hbox (23.90486pt too wide) in paragraph at lines 1258--1260
[][] 
 []


Overfull \hbox (8.87514pt too wide) in paragraph at lines 1271--1273
[][] 
 []

[4]
Overfull \hbox (33.48636pt too wide) in paragraph at lines 1340--1342
[][] 
 []


Overfull \hbox (33.48636pt too wide) in paragraph at lines 1352--1354
[][] 
 []


Overfull \hbox (99.20512pt too wide) in paragraph at lines 1365--1367
[][] 
 []


Overfull \hbox (58.8871pt too wide) in paragraph at lines 1367--1368
[][] 
 []


Overfull \hbox (14.39145pt too wide) in paragraph at lines 1370--1371
[][] 
 []

[5]
Overfull \hbox (40.40991pt too wide) in paragraph at lines 1372--1373
[][] 
 []


Overfull \hbox (31.24835pt too wide) in paragraph at lines 1374--1375
[][] 
 []


Overfull \hbox (19.32419pt too wide) in paragraph at lines 1375--1376
[][] 
 []


Overfull \hbox (51.36253pt too wide) in paragraph at lines 1378--1379
[][] 
 []


Overfull \hbox (144.50117pt too wide) in paragraph at lines 1384--1385
[][] 
 []


Overfull \hbox (41.8447pt too wide) in paragraph at lines 1392--1394
[][] 
 []


Overfull \hbox (26.91621pt too wide) in paragraph at lines 1404--1405
[][] 
 []


Overfull \hbox (10.54364pt too wide) in paragraph at lines 1411--1414
[][] 
 []


Overfull \hbox (200.64247pt too wide) in paragraph at lines 1414--1415
[][] 
 []


Overfull \hbox (25.51038pt too wide) in paragraph at lines 1424--1425
[][] 
 []


Overfull \hbox (37.91637pt too wide) in paragraph at lines 1437--1439
[][] 
 []

[6]
Overfull \hbox (233.23969pt too wide) in paragraph at lines 1451--1452
[][] 
 []


Overfull \hbox (270.31865pt too wide) in paragraph at lines 1459--1460
[][] 
 []


Overfull \hbox (26.30414pt too wide) in paragraph at lines 1462--1466
[][] 
 []


Overfull \hbox (379.19374pt too wide) in paragraph at lines 1466--1467
[][] 
 []


Overfull \hbox (77.43428pt too wide) in paragraph at lines 1467--1468
[][] 
 []


Overfull \hbox (28.00746pt too wide) in paragraph at lines 1468--1470
[][] 
 []


Overfull \hbox (172.70193pt too wide) in paragraph at lines 1470--1472
[][] 
 []


Overfull \hbox (159.95807pt too wide) in paragraph at lines 1472--1473
[][] 
 []


Overfull \hbox (77.43428pt too wide) in paragraph at lines 1473--1474
[][] 
 []


Overfull \hbox (16.3485pt too wide) in paragraph at lines 1474--1475
[][] 
 []


Overfull \hbox (12.08406pt too wide) in paragraph at lines 1476--1477
[][] 
 []


Overfull \hbox (28.3433pt too wide) in paragraph at lines 1484--1486
[][] 
 []


Overfull \hbox (21.34631pt too wide) in paragraph at lines 1507--1508
[][] 
 []

[7]
Overfull \hbox (37.14966pt too wide) in paragraph at lines 1518--1520
[][] 
 []


Overfull \hbox (0.23694pt too wide) in paragraph at lines 1527--1528
[][] 
 []


Overfull \hbox (137.66994pt too wide) in paragraph at lines 1531--1533
[][] 
 []


Overfull \hbox (89.28548pt too wide) in paragraph at lines 1535--1537
[][] 
 []


Overfull \hbox (25.69635pt too wide) in paragraph at lines 1547--1549
[][] 
 []


Overfull \hbox (20.06387pt too wide) in paragraph at lines 1574--1575
[][] 
 []

[8] [9] (voldchain.aux) ) 
Here is how much of TeX's memory you used:
 1322 strings out of 493333
 16161 string characters out of 3139193
 95144 words of memory out of 3000000
 4879 multiletter control sequences out of 15000+200000
 9373 words of font info for 36 fonts, out of 3000000 for 9000
 1141 hyphenation exceptions out of 8191
 24i,10n,25p,236b,328s stack positions out of 5000i,500n,10000p,200000b,50000s
<C:/Program Files/MiKTeX 2.9/fonts/type1/public/amsfon
ts/cm/cmbsy10.pfb><C:/Program Files/MiKTeX 2.9/fonts/type1/public/amsfonts/cm/c
mbx10.pfb><C:/Program Files/MiKTeX 2.9/fonts/type1/public/amsfonts/cm/cmcsc10.p
fb><C:/Program Files/MiKTeX 2.9/fonts/type1/public/amsfonts/cm/cmmi10.pfb><C:/P
rogram Files/MiKTeX 2.9/fonts/type1/public/amsfonts/cm/cmmi8.pfb><C:/Program Fi
les/MiKTeX 2.9/fonts/type1/public/amsfonts/cm/cmr10.pfb><C:/Program Files/MiKTe
X 2.9/fonts/type1/public/amsfonts/cm/cmr5.pfb><C:/Program Files/MiKTeX 2.9/font
s/type1/public/amsfonts/cm/cmr8.pfb><C:/Program Files/MiKTeX 2.9/fonts/type1/pu
blic/amsfonts/cm/cmr9.pfb><C:/Program Files/MiKTeX 2.9/fonts/type1/public/amsfo
nts/cm/cmss10.pfb><C:/Program Files/MiKTeX 2.9/fonts/type1/public/amsfonts/cm/c
msy10.pfb><C:/Program Files/MiKTeX 2.9/fonts/type1/public/amsfonts/cm/cmsy7.pfb
><C:/Program Files/MiKTeX 2.9/fonts/type1/public/amsfonts/cm/cmsy8.pfb><C:/Prog
ram Files/MiKTeX 2.9/fonts/type1/public/amsfonts/cm/cmti10.pfb><C:/Program File
s/MiKTeX 2.9/fonts/type1/public/amsfonts/cm/cmti7.pfb><C:/Program Files/MiKTeX 
2.9/fonts/type1/public/amsfonts/cm/cmti8.pfb><C:/Program Files/MiKTeX 2.9/fonts
/type1/public/amsfonts/latxfont/lasy10.pfb>
Output written on voldchain.pdf (9 pages, 209735 bytes).
PDF statistics:
 100 PDF objects out of 1000 (max. 8388607)
 0 named destinations out of 1000 (max. 500000)
 1 words of extra memory for PDF output out of 10000 (max. 10000000)

